/*C38*/SET SCHEMA PUBLIC
CONNECT USER SA
DISCONNECT
/*C39*/SET SCHEMA PUBLIC
CONNECT USER SA
SET AUTOCOMMIT FALSE
DELETE FROM PLATZ WHERE ID=1
DELETE FROM REIHE WHERE ID=1
DELETE FROM REIHE WHERE ID=2
DELETE FROM REIHE WHERE ID=3
DELETE FROM REIHE WHERE ID=4
DELETE FROM REIHE WHERE ID=5
DELETE FROM AUFFUEHRUNG WHERE ID=1
DELETE FROM BESTELLPOSITION WHERE ID=1
DELETE FROM ENGAGEMENT WHERE ID=1
DELETE FROM ARTIKEL WHERE ID=1
DELETE FROM VERANSTALTUNG WHERE ID=1
DELETE FROM KUENSTLER WHERE ID=1
DELETE FROM KATEGORIE WHERE ID=1
DELETE FROM KATEGORIE WHERE ID=2
DELETE FROM KATEGORIE WHERE ID=3
DELETE FROM KATEGORIE WHERE ID=4
INSERT INTO KATEGORIE VALUES(1,'Gehoben',100,150,200,0)
INSERT INTO KATEGORIE VALUES(2,'Standard',50,100,150,0)
INSERT INTO KUENSTLER VALUES(1,'Hofer','Dominik','1983-11-15','Dr.','Biographietext',0,0)
INSERT INTO VERANSTALTUNG VALUES(1,'Veranstaltung Hofer','Komoedie',1,'Deutsch','scheisse','Reine Zeitverschwendung','Auch ziemlich umsonst.','Kritiktext','Deutsch',1,2010,'ab 16J','Abbildung','Kat1')
INSERT INTO ARTIKEL VALUES(1,20.5,'Beschreibungstext','Abbildung',1,'Kurztext',0,1)
INSERT INTO ENGAGEMENT VALUES(1,100,'Geige',0,1,1)
INSERT INTO BESTELLPOSITION VALUES(1,1,0,1,1)
INSERT INTO AUFFUEHRUNG VALUES(1,'2010-10-12',FALSE,1,'Ein Text',0,1,1)
INSERT INTO REIHE VALUES(1,'Reihe 1',3,TRUE,0,0,1,1)
INSERT INTO REIHE VALUES(2,'Reihe 2',3,TRUE,0,0,1,1)
INSERT INTO PLATZ VALUES(1,1,0,0,1,1,1,1)
INSERT INTO PLATZ VALUES(2,1,1,0,1,1,1,2)
INSERT INTO PLATZ VALUES(3,1,2,0,1,1,1,2)
INSERT INTO PLATZ VALUES(4,1,3,0,1,2,1,2)
INSERT INTO PLATZ VALUES(5,1,1,0,1,2,1,2)
INSERT INTO PLATZ VALUES(6,1,2,0,1,2,1,2)
DELETE FROM KATEGORIE WHERE ID=1
INSERT INTO KATEGORIE VALUES(1,'Gehoben',100,150,200,0)
DELETE FROM KATEGORIE WHERE ID=2
INSERT INTO KATEGORIE VALUES(2,'Standard',50,100,150,0)
DELETE FROM KUENSTLER WHERE ID=1
INSERT INTO KUENSTLER VALUES(1,'Hofer','Dominik','1983-11-15','Dr.','Biographietext',0,0)
DELETE FROM VERANSTALTUNG WHERE ID=1
INSERT INTO VERANSTALTUNG VALUES(1,'Veranstaltung Hofer','Komoedie',1,'Deutsch','scheisse','Reine Zeitverschwendung','Auch ziemlich umsonst.','Kritiktext','Deutsch',1,2010,'ab 16J','Abbildung','Kat1')
DELETE FROM ARTIKEL WHERE ID=1
INSERT INTO ARTIKEL VALUES(1,20.5,'Beschreibungstext','Abbildung',1,'Kurztext',0,1)
DELETE FROM ENGAGEMENT WHERE ID=1
INSERT INTO ENGAGEMENT VALUES(1,100,'Geige',0,1,1)
DELETE FROM BESTELLPOSITION WHERE ID=1
INSERT INTO BESTELLPOSITION VALUES(1,1,0,1,1)
DELETE FROM AUFFUEHRUNG WHERE ID=1
INSERT INTO AUFFUEHRUNG VALUES(1,'2010-10-12',FALSE,1,'Ein Text',0,1,1)
DELETE FROM REIHE WHERE ID=1
INSERT INTO REIHE VALUES(1,'Reihe 1',3,TRUE,0,0,1,1)
DELETE FROM REIHE WHERE ID=2
INSERT INTO REIHE VALUES(2,'Reihe 2',3,TRUE,0,0,1,1)
DELETE FROM PLATZ WHERE ID=1
INSERT INTO PLATZ VALUES(1,1,0,0,1,1,1,1)
DELETE FROM PLATZ WHERE ID=2
INSERT INTO PLATZ VALUES(2,1,1,0,1,1,1,2)
DELETE FROM PLATZ WHERE ID=3
INSERT INTO PLATZ VALUES(3,1,2,0,1,1,1,2)
DELETE FROM PLATZ WHERE ID=4
INSERT INTO PLATZ VALUES(4,1,3,0,1,2,1,2)
DELETE FROM PLATZ WHERE ID=5
INSERT INTO PLATZ VALUES(5,1,1,0,1,2,1,2)
DELETE FROM PLATZ WHERE ID=6
INSERT INTO PLATZ VALUES(6,1,2,0,1,2,1,2)
COMMIT
SET AUTOCOMMIT TRUE
SET AUTOCOMMIT FALSE
DELETE FROM PLATZ WHERE ID=1
DELETE FROM PLATZ WHERE ID=2
DELETE FROM PLATZ WHERE ID=3
DELETE FROM PLATZ WHERE ID=4
DELETE FROM PLATZ WHERE ID=5
DELETE FROM PLATZ WHERE ID=6
DELETE FROM REIHE WHERE ID=1
DELETE FROM REIHE WHERE ID=2
DELETE FROM AUFFUEHRUNG WHERE ID=1
DELETE FROM BESTELLPOSITION WHERE ID=1
DELETE FROM ENGAGEMENT WHERE ID=1
DELETE FROM ARTIKEL WHERE ID=1
DELETE FROM VERANSTALTUNG WHERE ID=1
DELETE FROM KUENSTLER WHERE ID=1
DELETE FROM KATEGORIE WHERE ID=1
DELETE FROM KATEGORIE WHERE ID=2
INSERT INTO KATEGORIE VALUES(1,'Gehoben',100,150,200,0)
INSERT INTO KATEGORIE VALUES(2,'Standard',50,100,150,0)
INSERT INTO KUENSTLER VALUES(1,'Hofer','Dominik','1983-11-15','Dr.','Biographietext',0,0)
INSERT INTO VERANSTALTUNG VALUES(1,'Veranstaltung Hofer','Komoedie',1,'Deutsch','scheisse','Reine Zeitverschwendung','Auch ziemlich umsonst.','Kritiktext','Deutsch',1,2010,'ab 16J','Abbildung','Kat1')
INSERT INTO ARTIKEL VALUES(1,20.5,'Beschreibungstext','Abbildung',1,'Kurztext',0,1)
INSERT INTO ENGAGEMENT VALUES(1,100,'Geige',0,1,1)
INSERT INTO BESTELLPOSITION VALUES(1,1,0,1,1)
INSERT INTO AUFFUEHRUNG VALUES(1,'2010-10-12',FALSE,1,'Ein Text',0,1,1)
INSERT INTO REIHE VALUES(1,'Reihe 1',3,TRUE,0,0,1,1)
INSERT INTO REIHE VALUES(2,'Reihe 2',3,TRUE,0,0,1,1)
INSERT INTO PLATZ VALUES(1,1,0,0,1,1,1,1)
INSERT INTO PLATZ VALUES(2,1,1,0,1,1,1,2)
INSERT INTO PLATZ VALUES(3,1,2,0,1,1,1,2)
INSERT INTO PLATZ VALUES(4,1,3,0,1,2,1,2)
INSERT INTO PLATZ VALUES(5,1,1,0,1,2,1,2)
INSERT INTO PLATZ VALUES(6,1,2,0,1,2,1,2)
DELETE FROM KATEGORIE WHERE ID=1
INSERT INTO KATEGORIE VALUES(1,'Gehoben',100,150,200,0)
DELETE FROM KATEGORIE WHERE ID=2
INSERT INTO KATEGORIE VALUES(2,'Standard',50,100,150,0)
DELETE FROM KUENSTLER WHERE ID=1
INSERT INTO KUENSTLER VALUES(1,'Hofer','Dominik','1983-11-15','Dr.','Biographietext',0,0)
DELETE FROM VERANSTALTUNG WHERE ID=1
INSERT INTO VERANSTALTUNG VALUES(1,'Veranstaltung Hofer','Komoedie',1,'Deutsch','scheisse','Reine Zeitverschwendung','Auch ziemlich umsonst.','Kritiktext','Deutsch',1,2010,'ab 16J','Abbildung','Kat1')
DELETE FROM ARTIKEL WHERE ID=1
INSERT INTO ARTIKEL VALUES(1,20.5,'Beschreibungstext','Abbildung',1,'Kurztext',0,1)
DELETE FROM ENGAGEMENT WHERE ID=1
INSERT INTO ENGAGEMENT VALUES(1,100,'Geige',0,1,1)
DELETE FROM BESTELLPOSITION WHERE ID=1
INSERT INTO BESTELLPOSITION VALUES(1,1,0,1,1)
DELETE FROM AUFFUEHRUNG WHERE ID=1
INSERT INTO AUFFUEHRUNG VALUES(1,'2010-10-12',FALSE,1,'Ein Text',0,1,1)
DELETE FROM REIHE WHERE ID=1
INSERT INTO REIHE VALUES(1,'Reihe 1',3,TRUE,0,0,1,1)
DELETE FROM REIHE WHERE ID=2
INSERT INTO REIHE VALUES(2,'Reihe 2',3,TRUE,0,0,1,1)
DELETE FROM PLATZ WHERE ID=1
INSERT INTO PLATZ VALUES(1,1,0,0,1,1,1,1)
DELETE FROM PLATZ WHERE ID=2
INSERT INTO PLATZ VALUES(2,1,1,0,1,1,1,2)
DELETE FROM PLATZ WHERE ID=3
INSERT INTO PLATZ VALUES(3,1,2,0,1,1,1,2)
DELETE FROM PLATZ WHERE ID=4
INSERT INTO PLATZ VALUES(4,1,3,0,1,2,1,2)
DELETE FROM PLATZ WHERE ID=5
INSERT INTO PLATZ VALUES(5,1,1,0,1,2,1,2)
DELETE FROM PLATZ WHERE ID=6
INSERT INTO PLATZ VALUES(6,1,2,0,1,2,1,2)
COMMIT
SET AUTOCOMMIT TRUE
SET AUTOCOMMIT FALSE
DELETE FROM PLATZ WHERE ID=1
DELETE FROM PLATZ WHERE ID=2
DELETE FROM PLATZ WHERE ID=3
DELETE FROM PLATZ WHERE ID=4
DELETE FROM PLATZ WHERE ID=5
DELETE FROM PLATZ WHERE ID=6
DELETE FROM REIHE WHERE ID=1
DELETE FROM REIHE WHERE ID=2
DELETE FROM AUFFUEHRUNG WHERE ID=1
DELETE FROM BESTELLPOSITION WHERE ID=1
DELETE FROM ENGAGEMENT WHERE ID=1
DELETE FROM ARTIKEL WHERE ID=1
DELETE FROM VERANSTALTUNG WHERE ID=1
DELETE FROM KUENSTLER WHERE ID=1
DELETE FROM KATEGORIE WHERE ID=1
DELETE FROM KATEGORIE WHERE ID=2
INSERT INTO KATEGORIE VALUES(1,'Gehoben',100,150,200,0)
INSERT INTO KATEGORIE VALUES(2,'Standard',50,100,150,0)
INSERT INTO KUENSTLER VALUES(1,'Hofer','Dominik','1983-11-15','Dr.','Biographietext',0,0)
INSERT INTO VERANSTALTUNG VALUES(1,'Veranstaltung Hofer','Komoedie',1,'Deutsch','scheisse','Reine Zeitverschwendung','Auch ziemlich umsonst.','Kritiktext','Deutsch',1,2010,'ab 16J','Abbildung','Kat1')
INSERT INTO ARTIKEL VALUES(1,20.5,'Beschreibungstext','Abbildung',1,'Kurztext',0,1)
INSERT INTO ENGAGEMENT VALUES(1,100,'Geige',0,1,1)
INSERT INTO BESTELLPOSITION VALUES(1,1,0,1,1)
INSERT INTO AUFFUEHRUNG VALUES(1,'2010-10-12',FALSE,1,'Ein Text',0,1,1)
INSERT INTO REIHE VALUES(1,'Reihe 1',3,TRUE,0,0,1,1)
INSERT INTO REIHE VALUES(2,'Reihe 2',3,TRUE,0,0,1,1)
INSERT INTO PLATZ VALUES(1,1,0,0,1,1,1,1)
INSERT INTO PLATZ VALUES(2,1,1,0,1,1,1,2)
INSERT INTO PLATZ VALUES(3,1,2,0,1,1,1,2)
INSERT INTO PLATZ VALUES(4,1,3,0,1,2,1,2)
INSERT INTO PLATZ VALUES(5,1,1,0,1,2,1,2)
INSERT INTO PLATZ VALUES(6,1,2,0,1,2,1,2)
DELETE FROM KATEGORIE WHERE ID=1
INSERT INTO KATEGORIE VALUES(1,'Gehoben',100,150,200,0)
DELETE FROM KATEGORIE WHERE ID=2
INSERT INTO KATEGORIE VALUES(2,'Standard',50,100,150,0)
DELETE FROM KUENSTLER WHERE ID=1
INSERT INTO KUENSTLER VALUES(1,'Hofer','Dominik','1983-11-15','Dr.','Biographietext',0,0)
DELETE FROM VERANSTALTUNG WHERE ID=1
INSERT INTO VERANSTALTUNG VALUES(1,'Veranstaltung Hofer','Komoedie',1,'Deutsch','scheisse','Reine Zeitverschwendung','Auch ziemlich umsonst.','Kritiktext','Deutsch',1,2010,'ab 16J','Abbildung','Kat1')
DELETE FROM ARTIKEL WHERE ID=1
INSERT INTO ARTIKEL VALUES(1,20.5,'Beschreibungstext','Abbildung',1,'Kurztext',0,1)
DELETE FROM ENGAGEMENT WHERE ID=1
INSERT INTO ENGAGEMENT VALUES(1,100,'Geige',0,1,1)
DELETE FROM BESTELLPOSITION WHERE ID=1
INSERT INTO BESTELLPOSITION VALUES(1,1,0,1,1)
DELETE FROM AUFFUEHRUNG WHERE ID=1
INSERT INTO AUFFUEHRUNG VALUES(1,'2010-10-12',FALSE,1,'Ein Text',0,1,1)
DELETE FROM REIHE WHERE ID=1
INSERT INTO REIHE VALUES(1,'Reihe 1',3,TRUE,0,0,1,1)
DELETE FROM REIHE WHERE ID=2
INSERT INTO REIHE VALUES(2,'Reihe 2',3,TRUE,0,0,1,1)
DELETE FROM PLATZ WHERE ID=1
INSERT INTO PLATZ VALUES(1,1,0,0,1,1,1,1)
DELETE FROM PLATZ WHERE ID=2
INSERT INTO PLATZ VALUES(2,1,1,0,1,1,1,2)
DELETE FROM PLATZ WHERE ID=3
INSERT INTO PLATZ VALUES(3,1,2,0,1,1,1,2)
DELETE FROM PLATZ WHERE ID=4
INSERT INTO PLATZ VALUES(4,1,3,0,1,2,1,2)
DELETE FROM PLATZ WHERE ID=5
INSERT INTO PLATZ VALUES(5,1,1,0,1,2,1,2)
DELETE FROM PLATZ WHERE ID=6
INSERT INTO PLATZ VALUES(6,1,2,0,1,2,1,2)
COMMIT
SET AUTOCOMMIT TRUE
SET AUTOCOMMIT FALSE
DELETE FROM PLATZ WHERE ID=1
DELETE FROM PLATZ WHERE ID=2
DELETE FROM PLATZ WHERE ID=3
DELETE FROM PLATZ WHERE ID=4
DELETE FROM PLATZ WHERE ID=5
DELETE FROM PLATZ WHERE ID=6
DELETE FROM REIHE WHERE ID=1
DELETE FROM REIHE WHERE ID=2
DELETE FROM AUFFUEHRUNG WHERE ID=1
DELETE FROM BESTELLPOSITION WHERE ID=1
DELETE FROM ENGAGEMENT WHERE ID=1
DELETE FROM ARTIKEL WHERE ID=1
DELETE FROM VERANSTALTUNG WHERE ID=1
DELETE FROM KUENSTLER WHERE ID=1
DELETE FROM KATEGORIE WHERE ID=1
DELETE FROM KATEGORIE WHERE ID=2
INSERT INTO KATEGORIE VALUES(1,'Gehoben',100,150,200,0)
INSERT INTO KATEGORIE VALUES(2,'Standard',50,100,150,0)
INSERT INTO KUENSTLER VALUES(1,'Hofer','Dominik','1983-11-15','Dr.','Biographietext',0,0)
INSERT INTO VERANSTALTUNG VALUES(1,'Veranstaltung Hofer','Komoedie',1,'Deutsch','scheisse','Reine Zeitverschwendung','Auch ziemlich umsonst.','Kritiktext','Deutsch',1,2010,'ab 16J','Abbildung','Kat1')
INSERT INTO ARTIKEL VALUES(1,20.5,'Beschreibungstext','Abbildung',1,'Kurztext',0,1)
INSERT INTO ENGAGEMENT VALUES(1,100,'Geige',0,1,1)
INSERT INTO BESTELLPOSITION VALUES(1,1,0,1,1)
INSERT INTO AUFFUEHRUNG VALUES(1,'2010-10-12',FALSE,1,'Ein Text',0,1,1)
INSERT INTO REIHE VALUES(1,'Reihe 1',3,TRUE,0,0,1,1)
INSERT INTO REIHE VALUES(2,'Reihe 2',3,TRUE,0,0,1,1)
INSERT INTO PLATZ VALUES(1,1,0,0,1,1,1,1)
INSERT INTO PLATZ VALUES(2,1,1,0,1,1,1,2)
INSERT INTO PLATZ VALUES(3,1,2,0,1,1,1,2)
INSERT INTO PLATZ VALUES(4,1,3,0,1,2,1,2)
INSERT INTO PLATZ VALUES(5,1,1,0,1,2,1,2)
INSERT INTO PLATZ VALUES(6,1,2,0,1,2,1,2)
DELETE FROM KATEGORIE WHERE ID=1
INSERT INTO KATEGORIE VALUES(1,'Gehoben',100,150,200,0)
DELETE FROM KATEGORIE WHERE ID=2
INSERT INTO KATEGORIE VALUES(2,'Standard',50,100,150,0)
DELETE FROM KUENSTLER WHERE ID=1
INSERT INTO KUENSTLER VALUES(1,'Hofer','Dominik','1983-11-15','Dr.','Biographietext',0,0)
DELETE FROM VERANSTALTUNG WHERE ID=1
INSERT INTO VERANSTALTUNG VALUES(1,'Veranstaltung Hofer','Komoedie',1,'Deutsch','scheisse','Reine Zeitverschwendung','Auch ziemlich umsonst.','Kritiktext','Deutsch',1,2010,'ab 16J','Abbildung','Kat1')
DELETE FROM ARTIKEL WHERE ID=1
INSERT INTO ARTIKEL VALUES(1,20.5,'Beschreibungstext','Abbildung',1,'Kurztext',0,1)
DELETE FROM ENGAGEMENT WHERE ID=1
INSERT INTO ENGAGEMENT VALUES(1,100,'Geige',0,1,1)
DELETE FROM BESTELLPOSITION WHERE ID=1
INSERT INTO BESTELLPOSITION VALUES(1,1,0,1,1)
DELETE FROM AUFFUEHRUNG WHERE ID=1
INSERT INTO AUFFUEHRUNG VALUES(1,'2010-10-12',FALSE,1,'Ein Text',0,1,1)
DELETE FROM REIHE WHERE ID=1
INSERT INTO REIHE VALUES(1,'Reihe 1',3,TRUE,0,0,1,1)
DELETE FROM REIHE WHERE ID=2
INSERT INTO REIHE VALUES(2,'Reihe 2',3,TRUE,0,0,1,1)
DELETE FROM PLATZ WHERE ID=1
INSERT INTO PLATZ VALUES(1,1,0,0,1,1,1,1)
DELETE FROM PLATZ WHERE ID=2
INSERT INTO PLATZ VALUES(2,1,1,0,1,1,1,2)
DELETE FROM PLATZ WHERE ID=3
INSERT INTO PLATZ VALUES(3,1,2,0,1,1,1,2)
DELETE FROM PLATZ WHERE ID=4
INSERT INTO PLATZ VALUES(4,1,3,0,1,2,1,2)
DELETE FROM PLATZ WHERE ID=5
INSERT INTO PLATZ VALUES(5,1,1,0,1,2,1,2)
DELETE FROM PLATZ WHERE ID=6
INSERT INTO PLATZ VALUES(6,1,2,0,1,2,1,2)
COMMIT
SET AUTOCOMMIT TRUE
SET AUTOCOMMIT FALSE
DELETE FROM PLATZ WHERE ID=1
DELETE FROM PLATZ WHERE ID=2
DELETE FROM PLATZ WHERE ID=3
DELETE FROM PLATZ WHERE ID=4
DELETE FROM PLATZ WHERE ID=5
DELETE FROM PLATZ WHERE ID=6
DELETE FROM REIHE WHERE ID=1
DELETE FROM REIHE WHERE ID=2
DELETE FROM AUFFUEHRUNG WHERE ID=1
DELETE FROM BESTELLPOSITION WHERE ID=1
DELETE FROM ENGAGEMENT WHERE ID=1
DELETE FROM ARTIKEL WHERE ID=1
DELETE FROM VERANSTALTUNG WHERE ID=1
DELETE FROM KUENSTLER WHERE ID=1
DELETE FROM KATEGORIE WHERE ID=1
DELETE FROM KATEGORIE WHERE ID=2
INSERT INTO KATEGORIE VALUES(1,'Gehoben',100,150,200,0)
INSERT INTO KATEGORIE VALUES(2,'Standard',50,100,150,0)
INSERT INTO KUENSTLER VALUES(1,'Hofer','Dominik','1983-11-15','Dr.','Biographietext',0,0)
INSERT INTO VERANSTALTUNG VALUES(1,'Veranstaltung Hofer','Komoedie',1,'Deutsch','scheisse','Reine Zeitverschwendung','Auch ziemlich umsonst.','Kritiktext','Deutsch',1,2010,'ab 16J','Abbildung','Kat1')
INSERT INTO ARTIKEL VALUES(1,20.5,'Beschreibungstext','Abbildung',1,'Kurztext',0,1)
INSERT INTO ENGAGEMENT VALUES(1,100,'Geige',0,1,1)
INSERT INTO BESTELLPOSITION VALUES(1,1,0,1,1)
INSERT INTO AUFFUEHRUNG VALUES(1,'2010-10-12',FALSE,1,'Ein Text',0,1,1)
INSERT INTO REIHE VALUES(1,'Reihe 1',3,TRUE,0,0,1,1)
INSERT INTO REIHE VALUES(2,'Reihe 2',3,TRUE,0,0,1,1)
INSERT INTO PLATZ VALUES(1,1,0,0,1,1,1,1)
INSERT INTO PLATZ VALUES(2,1,1,0,1,1,1,2)
INSERT INTO PLATZ VALUES(3,1,2,0,1,1,1,2)
INSERT INTO PLATZ VALUES(4,1,3,0,1,2,1,2)
INSERT INTO PLATZ VALUES(5,1,1,0,1,2,1,2)
INSERT INTO PLATZ VALUES(6,1,2,0,1,2,1,2)
DELETE FROM KATEGORIE WHERE ID=1
INSERT INTO KATEGORIE VALUES(1,'Gehoben',100,150,200,0)
DELETE FROM KATEGORIE WHERE ID=2
INSERT INTO KATEGORIE VALUES(2,'Standard',50,100,150,0)
DELETE FROM KUENSTLER WHERE ID=1
INSERT INTO KUENSTLER VALUES(1,'Hofer','Dominik','1983-11-15','Dr.','Biographietext',0,0)
DELETE FROM VERANSTALTUNG WHERE ID=1
INSERT INTO VERANSTALTUNG VALUES(1,'Veranstaltung Hofer','Komoedie',1,'Deutsch','scheisse','Reine Zeitverschwendung','Auch ziemlich umsonst.','Kritiktext','Deutsch',1,2010,'ab 16J','Abbildung','Kat1')
DELETE FROM ARTIKEL WHERE ID=1
INSERT INTO ARTIKEL VALUES(1,20.5,'Beschreibungstext','Abbildung',1,'Kurztext',0,1)
DELETE FROM ENGAGEMENT WHERE ID=1
INSERT INTO ENGAGEMENT VALUES(1,100,'Geige',0,1,1)
DELETE FROM BESTELLPOSITION WHERE ID=1
INSERT INTO BESTELLPOSITION VALUES(1,1,0,1,1)
DELETE FROM AUFFUEHRUNG WHERE ID=1
INSERT INTO AUFFUEHRUNG VALUES(1,'2010-10-12',FALSE,1,'Ein Text',0,1,1)
DELETE FROM REIHE WHERE ID=1
INSERT INTO REIHE VALUES(1,'Reihe 1',3,TRUE,0,0,1,1)
DELETE FROM REIHE WHERE ID=2
INSERT INTO REIHE VALUES(2,'Reihe 2',3,TRUE,0,0,1,1)
DELETE FROM PLATZ WHERE ID=1
INSERT INTO PLATZ VALUES(1,1,0,0,1,1,1,1)
DELETE FROM PLATZ WHERE ID=2
INSERT INTO PLATZ VALUES(2,1,1,0,1,1,1,2)
DELETE FROM PLATZ WHERE ID=3
INSERT INTO PLATZ VALUES(3,1,2,0,1,1,1,2)
DELETE FROM PLATZ WHERE ID=4
INSERT INTO PLATZ VALUES(4,1,3,0,1,2,1,2)
DELETE FROM PLATZ WHERE ID=5
INSERT INTO PLATZ VALUES(5,1,1,0,1,2,1,2)
DELETE FROM PLATZ WHERE ID=6
INSERT INTO PLATZ VALUES(6,1,2,0,1,2,1,2)
COMMIT
SET AUTOCOMMIT TRUE
SET AUTOCOMMIT FALSE
DELETE FROM PLATZ WHERE ID=1
DELETE FROM PLATZ WHERE ID=2
DELETE FROM PLATZ WHERE ID=3
DELETE FROM PLATZ WHERE ID=4
DELETE FROM PLATZ WHERE ID=5
DELETE FROM PLATZ WHERE ID=6
DELETE FROM REIHE WHERE ID=1
DELETE FROM REIHE WHERE ID=2
DELETE FROM AUFFUEHRUNG WHERE ID=1
DELETE FROM BESTELLPOSITION WHERE ID=1
DELETE FROM ENGAGEMENT WHERE ID=1
DELETE FROM ARTIKEL WHERE ID=1
DELETE FROM VERANSTALTUNG WHERE ID=1
DELETE FROM KUENSTLER WHERE ID=1
INSERT INTO KUENSTLER VALUES(1,'Holzeis','Richard','1987-12-05','BSc','Biographietext',0,0)
INSERT INTO VERANSTALTUNG VALUES(1,'Veranstaltung Holzeis','Komoedie',1,'Deutsch','nice','irgendwas','irgendwas','Kritiktext','Deutsch',1,2010,'ab 18J','Abbildung','Kat1')
INSERT INTO ARTIKEL VALUES(1,30.5,'Beschreibungstext','Abbildung',1,'Kurztext',0,1)
INSERT INTO ENGAGEMENT VALUES(1,100,'Geige',0,1,1)
INSERT INTO BESTELLPOSITION VALUES(1,1,0,1,1)
INSERT INTO AUFFUEHRUNG VALUES(1,'2010-12-05',FALSE,1,'Ein Text',0,1,1)
INSERT INTO AUFFUEHRUNG VALUES(2,'2010-12-05',TRUE,2,'Ein anderer Text',0,2,1)
INSERT INTO REIHE VALUES(1,'Testreihe 1',10,TRUE,0,0,1,1)
INSERT INTO REIHE VALUES(2,'Testreihe 2',10,TRUE,0,0,1,1)
INSERT INTO PLATZ VALUES(1,1,0,0,1,1,1,1)
INSERT INTO PLATZ VALUES(2,1,2,0,1,1,1,2)
COMMIT
SET AUTOCOMMIT TRUE
SET AUTOCOMMIT FALSE
DELETE FROM PLATZ WHERE ID=1
DELETE FROM PLATZ WHERE ID=2
DELETE FROM REIHE WHERE ID=1
DELETE FROM REIHE WHERE ID=2
DELETE FROM AUFFUEHRUNG WHERE ID=1
DELETE FROM AUFFUEHRUNG WHERE ID=2
DELETE FROM BESTELLPOSITION WHERE ID=1
DELETE FROM ENGAGEMENT WHERE ID=1
DELETE FROM ARTIKEL WHERE ID=1
DELETE FROM VERANSTALTUNG WHERE ID=1
DELETE FROM KUENSTLER WHERE ID=1
INSERT INTO KUENSTLER VALUES(1,'Holzeis','Richard','1987-12-05','BSc','Biographietext',0,0)
INSERT INTO VERANSTALTUNG VALUES(1,'Veranstaltung Holzeis','Komoedie',1,'Deutsch','nice','irgendwas','irgendwas','Kritiktext','Deutsch',1,2010,'ab 18J','Abbildung','Kat1')
INSERT INTO ARTIKEL VALUES(1,30.5,'Beschreibungstext','Abbildung',1,'Kurztext',0,1)
INSERT INTO ENGAGEMENT VALUES(1,100,'Geige',0,1,1)
INSERT INTO BESTELLPOSITION VALUES(1,1,0,1,1)
INSERT INTO AUFFUEHRUNG VALUES(1,'2010-12-05',FALSE,1,'Ein Text',0,1,1)
INSERT INTO AUFFUEHRUNG VALUES(2,'2010-12-05',TRUE,2,'Ein anderer Text',0,2,1)
INSERT INTO REIHE VALUES(1,'Testreihe 1',10,TRUE,0,0,1,1)
INSERT INTO REIHE VALUES(2,'Testreihe 2',10,TRUE,0,0,1,1)
INSERT INTO PLATZ VALUES(1,1,0,0,1,1,1,1)
INSERT INTO PLATZ VALUES(2,1,2,0,1,1,1,2)
COMMIT
SET AUTOCOMMIT TRUE
DISCONNECT
/*C40*/SET SCHEMA PUBLIC
CONNECT USER SA
DISCONNECT
/*C41*/SET SCHEMA PUBLIC
CONNECT USER SA
SET AUTOCOMMIT FALSE
DELETE FROM PLATZ WHERE ID=1
DELETE FROM PLATZ WHERE ID=2
DELETE FROM REIHE WHERE ID=1
DELETE FROM REIHE WHERE ID=2
DELETE FROM AUFFUEHRUNG WHERE ID=1
DELETE FROM AUFFUEHRUNG WHERE ID=2
DELETE FROM BESTELLPOSITION WHERE ID=1
DELETE FROM ENGAGEMENT WHERE ID=1
DELETE FROM ARTIKEL WHERE ID=1
DELETE FROM VERANSTALTUNG WHERE ID=1
DELETE FROM KUENSTLER WHERE ID=1
DELETE FROM KATEGORIE WHERE ID=1
DELETE FROM KATEGORIE WHERE ID=2
INSERT INTO KATEGORIE VALUES(1,'Gehoben',100,150,200,0)
INSERT INTO KATEGORIE VALUES(2,'Standard',50,100,150,0)
INSERT INTO KUENSTLER VALUES(1,'Hofer','Dominik','1983-11-15','Dr.','Biographietext',0,0)
INSERT INTO VERANSTALTUNG VALUES(1,'Veranstaltung Hofer','Komoedie',1,'Deutsch','scheisse','Reine Zeitverschwendung','Auch ziemlich umsonst.','Kritiktext','Deutsch',1,2010,'ab 16J','Abbildung','Kat1')
INSERT INTO ARTIKEL VALUES(1,20.5,'Beschreibungstext','Abbildung',1,'Kurztext',0,1)
INSERT INTO ENGAGEMENT VALUES(1,100,'Geige',0,1,1)
INSERT INTO BESTELLPOSITION VALUES(1,1,0,1,1)
INSERT INTO AUFFUEHRUNG VALUES(1,'2010-10-12',FALSE,1,'Ein Text',0,1,1)
INSERT INTO REIHE VALUES(1,'Reihe 1',3,TRUE,0,0,1,1)
INSERT INTO REIHE VALUES(2,'Reihe 2',3,TRUE,0,0,1,1)
INSERT INTO PLATZ VALUES(1,1,0,0,1,1,1,1)
INSERT INTO PLATZ VALUES(2,1,1,0,1,1,1,2)
INSERT INTO PLATZ VALUES(3,1,2,0,1,1,1,2)
INSERT INTO PLATZ VALUES(4,1,3,0,1,2,1,2)
INSERT INTO PLATZ VALUES(5,1,1,0,1,2,1,2)
INSERT INTO PLATZ VALUES(6,1,2,0,1,2,1,2)
DELETE FROM KATEGORIE WHERE ID=1
INSERT INTO KATEGORIE VALUES(1,'Gehoben',100,150,200,0)
DELETE FROM KATEGORIE WHERE ID=2
INSERT INTO KATEGORIE VALUES(2,'Standard',50,100,150,0)
DELETE FROM KUENSTLER WHERE ID=1
INSERT INTO KUENSTLER VALUES(1,'Hofer','Dominik','1983-11-15','Dr.','Biographietext',0,0)
DELETE FROM VERANSTALTUNG WHERE ID=1
INSERT INTO VERANSTALTUNG VALUES(1,'Veranstaltung Hofer','Komoedie',1,'Deutsch','scheisse','Reine Zeitverschwendung','Auch ziemlich umsonst.','Kritiktext','Deutsch',1,2010,'ab 16J','Abbildung','Kat1')
DELETE FROM ARTIKEL WHERE ID=1
INSERT INTO ARTIKEL VALUES(1,20.5,'Beschreibungstext','Abbildung',1,'Kurztext',0,1)
DELETE FROM ENGAGEMENT WHERE ID=1
INSERT INTO ENGAGEMENT VALUES(1,100,'Geige',0,1,1)
DELETE FROM BESTELLPOSITION WHERE ID=1
INSERT INTO BESTELLPOSITION VALUES(1,1,0,1,1)
DELETE FROM AUFFUEHRUNG WHERE ID=1
INSERT INTO AUFFUEHRUNG VALUES(1,'2010-10-12',FALSE,1,'Ein Text',0,1,1)
DELETE FROM REIHE WHERE ID=1
INSERT INTO REIHE VALUES(1,'Reihe 1',3,TRUE,0,0,1,1)
DELETE FROM REIHE WHERE ID=2
INSERT INTO REIHE VALUES(2,'Reihe 2',3,TRUE,0,0,1,1)
DELETE FROM PLATZ WHERE ID=1
INSERT INTO PLATZ VALUES(1,1,0,0,1,1,1,1)
DELETE FROM PLATZ WHERE ID=2
INSERT INTO PLATZ VALUES(2,1,1,0,1,1,1,2)
DELETE FROM PLATZ WHERE ID=3
INSERT INTO PLATZ VALUES(3,1,2,0,1,1,1,2)
DELETE FROM PLATZ WHERE ID=4
INSERT INTO PLATZ VALUES(4,1,3,0,1,2,1,2)
DELETE FROM PLATZ WHERE ID=5
INSERT INTO PLATZ VALUES(5,1,1,0,1,2,1,2)
DELETE FROM PLATZ WHERE ID=6
INSERT INTO PLATZ VALUES(6,1,2,0,1,2,1,2)
COMMIT
SET AUTOCOMMIT TRUE
SET AUTOCOMMIT FALSE
DELETE FROM PLATZ WHERE ID=1
DELETE FROM PLATZ WHERE ID=2
DELETE FROM PLATZ WHERE ID=3
DELETE FROM PLATZ WHERE ID=4
DELETE FROM PLATZ WHERE ID=5
DELETE FROM PLATZ WHERE ID=6
DELETE FROM REIHE WHERE ID=1
DELETE FROM REIHE WHERE ID=2
DELETE FROM AUFFUEHRUNG WHERE ID=1
DELETE FROM BESTELLPOSITION WHERE ID=1
DELETE FROM ENGAGEMENT WHERE ID=1
DELETE FROM ARTIKEL WHERE ID=1
DELETE FROM VERANSTALTUNG WHERE ID=1
DELETE FROM KUENSTLER WHERE ID=1
DELETE FROM KATEGORIE WHERE ID=1
DELETE FROM KATEGORIE WHERE ID=2
INSERT INTO KATEGORIE VALUES(1,'Gehoben',100,150,200,0)
INSERT INTO KATEGORIE VALUES(2,'Standard',50,100,150,0)
INSERT INTO KUENSTLER VALUES(1,'Hofer','Dominik','1983-11-15','Dr.','Biographietext',0,0)
INSERT INTO VERANSTALTUNG VALUES(1,'Veranstaltung Hofer','Komoedie',1,'Deutsch','scheisse','Reine Zeitverschwendung','Auch ziemlich umsonst.','Kritiktext','Deutsch',1,2010,'ab 16J','Abbildung','Kat1')
INSERT INTO ARTIKEL VALUES(1,20.5,'Beschreibungstext','Abbildung',1,'Kurztext',0,1)
INSERT INTO ENGAGEMENT VALUES(1,100,'Geige',0,1,1)
INSERT INTO BESTELLPOSITION VALUES(1,1,0,1,1)
INSERT INTO AUFFUEHRUNG VALUES(1,'2010-10-12',FALSE,1,'Ein Text',0,1,1)
INSERT INTO REIHE VALUES(1,'Reihe 1',3,TRUE,0,0,1,1)
INSERT INTO REIHE VALUES(2,'Reihe 2',3,TRUE,0,0,1,1)
INSERT INTO PLATZ VALUES(1,1,0,0,1,1,1,1)
INSERT INTO PLATZ VALUES(2,1,1,0,1,1,1,2)
INSERT INTO PLATZ VALUES(3,1,2,0,1,1,1,2)
INSERT INTO PLATZ VALUES(4,1,3,0,1,2,1,2)
INSERT INTO PLATZ VALUES(5,1,1,0,1,2,1,2)
INSERT INTO PLATZ VALUES(6,1,2,0,1,2,1,2)
DELETE FROM KATEGORIE WHERE ID=1
INSERT INTO KATEGORIE VALUES(1,'Gehoben',100,150,200,0)
DELETE FROM KATEGORIE WHERE ID=2
INSERT INTO KATEGORIE VALUES(2,'Standard',50,100,150,0)
DELETE FROM KUENSTLER WHERE ID=1
INSERT INTO KUENSTLER VALUES(1,'Hofer','Dominik','1983-11-15','Dr.','Biographietext',0,0)
DELETE FROM VERANSTALTUNG WHERE ID=1
INSERT INTO VERANSTALTUNG VALUES(1,'Veranstaltung Hofer','Komoedie',1,'Deutsch','scheisse','Reine Zeitverschwendung','Auch ziemlich umsonst.','Kritiktext','Deutsch',1,2010,'ab 16J','Abbildung','Kat1')
DELETE FROM ARTIKEL WHERE ID=1
INSERT INTO ARTIKEL VALUES(1,20.5,'Beschreibungstext','Abbildung',1,'Kurztext',0,1)
DELETE FROM ENGAGEMENT WHERE ID=1
INSERT INTO ENGAGEMENT VALUES(1,100,'Geige',0,1,1)
DELETE FROM BESTELLPOSITION WHERE ID=1
INSERT INTO BESTELLPOSITION VALUES(1,1,0,1,1)
DELETE FROM AUFFUEHRUNG WHERE ID=1
INSERT INTO AUFFUEHRUNG VALUES(1,'2010-10-12',FALSE,1,'Ein Text',0,1,1)
DELETE FROM REIHE WHERE ID=1
INSERT INTO REIHE VALUES(1,'Reihe 1',3,TRUE,0,0,1,1)
DELETE FROM REIHE WHERE ID=2
INSERT INTO REIHE VALUES(2,'Reihe 2',3,TRUE,0,0,1,1)
DELETE FROM PLATZ WHERE ID=1
INSERT INTO PLATZ VALUES(1,1,0,0,1,1,1,1)
DELETE FROM PLATZ WHERE ID=2
INSERT INTO PLATZ VALUES(2,1,1,0,1,1,1,2)
DELETE FROM PLATZ WHERE ID=3
INSERT INTO PLATZ VALUES(3,1,2,0,1,1,1,2)
DELETE FROM PLATZ WHERE ID=4
INSERT INTO PLATZ VALUES(4,1,3,0,1,2,1,2)
DELETE FROM PLATZ WHERE ID=5
INSERT INTO PLATZ VALUES(5,1,1,0,1,2,1,2)
DELETE FROM PLATZ WHERE ID=6
INSERT INTO PLATZ VALUES(6,1,2,0,1,2,1,2)
COMMIT
SET AUTOCOMMIT TRUE
SET AUTOCOMMIT FALSE
DELETE FROM PLATZ WHERE ID=1
DELETE FROM PLATZ WHERE ID=2
DELETE FROM PLATZ WHERE ID=3
DELETE FROM PLATZ WHERE ID=4
DELETE FROM PLATZ WHERE ID=5
DELETE FROM PLATZ WHERE ID=6
DELETE FROM REIHE WHERE ID=1
DELETE FROM REIHE WHERE ID=2
DELETE FROM AUFFUEHRUNG WHERE ID=1
DELETE FROM BESTELLPOSITION WHERE ID=1
DELETE FROM ENGAGEMENT WHERE ID=1
DELETE FROM ARTIKEL WHERE ID=1
DELETE FROM VERANSTALTUNG WHERE ID=1
DELETE FROM KUENSTLER WHERE ID=1
DELETE FROM KATEGORIE WHERE ID=1
DELETE FROM KATEGORIE WHERE ID=2
INSERT INTO KATEGORIE VALUES(1,'Gehoben',100,150,200,0)
INSERT INTO KATEGORIE VALUES(2,'Standard',50,100,150,0)
INSERT INTO KUENSTLER VALUES(1,'Hofer','Dominik','1983-11-15','Dr.','Biographietext',0,0)
INSERT INTO VERANSTALTUNG VALUES(1,'Veranstaltung Hofer','Komoedie',1,'Deutsch','scheisse','Reine Zeitverschwendung','Auch ziemlich umsonst.','Kritiktext','Deutsch',1,2010,'ab 16J','Abbildung','Kat1')
INSERT INTO ARTIKEL VALUES(1,20.5,'Beschreibungstext','Abbildung',1,'Kurztext',0,1)
INSERT INTO ENGAGEMENT VALUES(1,100,'Geige',0,1,1)
INSERT INTO BESTELLPOSITION VALUES(1,1,0,1,1)
INSERT INTO AUFFUEHRUNG VALUES(1,'2010-10-12',FALSE,1,'Ein Text',0,1,1)
INSERT INTO REIHE VALUES(1,'Reihe 1',3,TRUE,0,0,1,1)
INSERT INTO REIHE VALUES(2,'Reihe 2',3,TRUE,0,0,1,1)
INSERT INTO PLATZ VALUES(1,1,0,0,1,1,1,1)
INSERT INTO PLATZ VALUES(2,1,1,0,1,1,1,2)
INSERT INTO PLATZ VALUES(3,1,2,0,1,1,1,2)
INSERT INTO PLATZ VALUES(4,1,3,0,1,2,1,2)
INSERT INTO PLATZ VALUES(5,1,1,0,1,2,1,2)
INSERT INTO PLATZ VALUES(6,1,2,0,1,2,1,2)
DELETE FROM KATEGORIE WHERE ID=1
INSERT INTO KATEGORIE VALUES(1,'Gehoben',100,150,200,0)
DELETE FROM KATEGORIE WHERE ID=2
INSERT INTO KATEGORIE VALUES(2,'Standard',50,100,150,0)
DELETE FROM KUENSTLER WHERE ID=1
INSERT INTO KUENSTLER VALUES(1,'Hofer','Dominik','1983-11-15','Dr.','Biographietext',0,0)
DELETE FROM VERANSTALTUNG WHERE ID=1
INSERT INTO VERANSTALTUNG VALUES(1,'Veranstaltung Hofer','Komoedie',1,'Deutsch','scheisse','Reine Zeitverschwendung','Auch ziemlich umsonst.','Kritiktext','Deutsch',1,2010,'ab 16J','Abbildung','Kat1')
DELETE FROM ARTIKEL WHERE ID=1
INSERT INTO ARTIKEL VALUES(1,20.5,'Beschreibungstext','Abbildung',1,'Kurztext',0,1)
DELETE FROM ENGAGEMENT WHERE ID=1
INSERT INTO ENGAGEMENT VALUES(1,100,'Geige',0,1,1)
DELETE FROM BESTELLPOSITION WHERE ID=1
INSERT INTO BESTELLPOSITION VALUES(1,1,0,1,1)
DELETE FROM AUFFUEHRUNG WHERE ID=1
INSERT INTO AUFFUEHRUNG VALUES(1,'2010-10-12',FALSE,1,'Ein Text',0,1,1)
DELETE FROM REIHE WHERE ID=1
INSERT INTO REIHE VALUES(1,'Reihe 1',3,TRUE,0,0,1,1)
DELETE FROM REIHE WHERE ID=2
INSERT INTO REIHE VALUES(2,'Reihe 2',3,TRUE,0,0,1,1)
DELETE FROM PLATZ WHERE ID=1
INSERT INTO PLATZ VALUES(1,1,0,0,1,1,1,1)
DELETE FROM PLATZ WHERE ID=2
INSERT INTO PLATZ VALUES(2,1,1,0,1,1,1,2)
DELETE FROM PLATZ WHERE ID=3
INSERT INTO PLATZ VALUES(3,1,2,0,1,1,1,2)
DELETE FROM PLATZ WHERE ID=4
INSERT INTO PLATZ VALUES(4,1,3,0,1,2,1,2)
DELETE FROM PLATZ WHERE ID=5
INSERT INTO PLATZ VALUES(5,1,1,0,1,2,1,2)
DELETE FROM PLATZ WHERE ID=6
INSERT INTO PLATZ VALUES(6,1,2,0,1,2,1,2)
COMMIT
SET AUTOCOMMIT TRUE
SET AUTOCOMMIT FALSE
DELETE FROM PLATZ WHERE ID=1
DELETE FROM PLATZ WHERE ID=2
DELETE FROM PLATZ WHERE ID=3
DELETE FROM PLATZ WHERE ID=4
DELETE FROM PLATZ WHERE ID=5
DELETE FROM PLATZ WHERE ID=6
DELETE FROM REIHE WHERE ID=1
DELETE FROM REIHE WHERE ID=2
DELETE FROM AUFFUEHRUNG WHERE ID=1
DELETE FROM BESTELLPOSITION WHERE ID=1
DELETE FROM ENGAGEMENT WHERE ID=1
DELETE FROM ARTIKEL WHERE ID=1
DELETE FROM VERANSTALTUNG WHERE ID=1
DELETE FROM KUENSTLER WHERE ID=1
DELETE FROM KATEGORIE WHERE ID=1
DELETE FROM KATEGORIE WHERE ID=2
INSERT INTO KATEGORIE VALUES(1,'Gehoben',100,150,200,0)
INSERT INTO KATEGORIE VALUES(2,'Standard',50,100,150,0)
INSERT INTO KUENSTLER VALUES(1,'Hofer','Dominik','1983-11-15','Dr.','Biographietext',0,0)
INSERT INTO VERANSTALTUNG VALUES(1,'Veranstaltung Hofer','Komoedie',1,'Deutsch','scheisse','Reine Zeitverschwendung','Auch ziemlich umsonst.','Kritiktext','Deutsch',1,2010,'ab 16J','Abbildung','Kat1')
INSERT INTO ARTIKEL VALUES(1,20.5,'Beschreibungstext','Abbildung',1,'Kurztext',0,1)
INSERT INTO ENGAGEMENT VALUES(1,100,'Geige',0,1,1)
INSERT INTO BESTELLPOSITION VALUES(1,1,0,1,1)
INSERT INTO AUFFUEHRUNG VALUES(1,'2010-10-12',FALSE,1,'Ein Text',0,1,1)
INSERT INTO REIHE VALUES(1,'Reihe 1',3,TRUE,0,0,1,1)
INSERT INTO REIHE VALUES(2,'Reihe 2',3,TRUE,0,0,1,1)
INSERT INTO PLATZ VALUES(1,1,0,0,1,1,1,1)
INSERT INTO PLATZ VALUES(2,1,1,0,1,1,1,2)
INSERT INTO PLATZ VALUES(3,1,2,0,1,1,1,2)
INSERT INTO PLATZ VALUES(4,1,3,0,1,2,1,2)
INSERT INTO PLATZ VALUES(5,1,1,0,1,2,1,2)
INSERT INTO PLATZ VALUES(6,1,2,0,1,2,1,2)
DELETE FROM KATEGORIE WHERE ID=1
INSERT INTO KATEGORIE VALUES(1,'Gehoben',100,150,200,0)
DELETE FROM KATEGORIE WHERE ID=2
INSERT INTO KATEGORIE VALUES(2,'Standard',50,100,150,0)
DELETE FROM KUENSTLER WHERE ID=1
INSERT INTO KUENSTLER VALUES(1,'Hofer','Dominik','1983-11-15','Dr.','Biographietext',0,0)
DELETE FROM VERANSTALTUNG WHERE ID=1
INSERT INTO VERANSTALTUNG VALUES(1,'Veranstaltung Hofer','Komoedie',1,'Deutsch','scheisse','Reine Zeitverschwendung','Auch ziemlich umsonst.','Kritiktext','Deutsch',1,2010,'ab 16J','Abbildung','Kat1')
DELETE FROM ARTIKEL WHERE ID=1
INSERT INTO ARTIKEL VALUES(1,20.5,'Beschreibungstext','Abbildung',1,'Kurztext',0,1)
DELETE FROM ENGAGEMENT WHERE ID=1
INSERT INTO ENGAGEMENT VALUES(1,100,'Geige',0,1,1)
DELETE FROM BESTELLPOSITION WHERE ID=1
INSERT INTO BESTELLPOSITION VALUES(1,1,0,1,1)
DELETE FROM AUFFUEHRUNG WHERE ID=1
INSERT INTO AUFFUEHRUNG VALUES(1,'2010-10-12',FALSE,1,'Ein Text',0,1,1)
DELETE FROM REIHE WHERE ID=1
INSERT INTO REIHE VALUES(1,'Reihe 1',3,TRUE,0,0,1,1)
DELETE FROM REIHE WHERE ID=2
INSERT INTO REIHE VALUES(2,'Reihe 2',3,TRUE,0,0,1,1)
DELETE FROM PLATZ WHERE ID=1
INSERT INTO PLATZ VALUES(1,1,0,0,1,1,1,1)
DELETE FROM PLATZ WHERE ID=2
INSERT INTO PLATZ VALUES(2,1,1,0,1,1,1,2)
DELETE FROM PLATZ WHERE ID=3
INSERT INTO PLATZ VALUES(3,1,2,0,1,1,1,2)
DELETE FROM PLATZ WHERE ID=4
INSERT INTO PLATZ VALUES(4,1,3,0,1,2,1,2)
DELETE FROM PLATZ WHERE ID=5
INSERT INTO PLATZ VALUES(5,1,1,0,1,2,1,2)
DELETE FROM PLATZ WHERE ID=6
INSERT INTO PLATZ VALUES(6,1,2,0,1,2,1,2)
COMMIT
SET AUTOCOMMIT TRUE
SET AUTOCOMMIT FALSE
DELETE FROM PLATZ WHERE ID=1
DELETE FROM PLATZ WHERE ID=2
DELETE FROM PLATZ WHERE ID=3
DELETE FROM PLATZ WHERE ID=4
DELETE FROM PLATZ WHERE ID=5
DELETE FROM PLATZ WHERE ID=6
DELETE FROM REIHE WHERE ID=1
DELETE FROM REIHE WHERE ID=2
DELETE FROM AUFFUEHRUNG WHERE ID=1
DELETE FROM BESTELLPOSITION WHERE ID=1
DELETE FROM ENGAGEMENT WHERE ID=1
DELETE FROM ARTIKEL WHERE ID=1
DELETE FROM VERANSTALTUNG WHERE ID=1
DELETE FROM KUENSTLER WHERE ID=1
DELETE FROM KATEGORIE WHERE ID=1
DELETE FROM KATEGORIE WHERE ID=2
INSERT INTO KATEGORIE VALUES(1,'Gehoben',100,150,200,0)
INSERT INTO KATEGORIE VALUES(2,'Standard',50,100,150,0)
INSERT INTO KUENSTLER VALUES(1,'Hofer','Dominik','1983-11-15','Dr.','Biographietext',0,0)
INSERT INTO VERANSTALTUNG VALUES(1,'Veranstaltung Hofer','Komoedie',1,'Deutsch','scheisse','Reine Zeitverschwendung','Auch ziemlich umsonst.','Kritiktext','Deutsch',1,2010,'ab 16J','Abbildung','Kat1')
INSERT INTO ARTIKEL VALUES(1,20.5,'Beschreibungstext','Abbildung',1,'Kurztext',0,1)
INSERT INTO ENGAGEMENT VALUES(1,100,'Geige',0,1,1)
INSERT INTO BESTELLPOSITION VALUES(1,1,0,1,1)
INSERT INTO AUFFUEHRUNG VALUES(1,'2010-10-12',FALSE,1,'Ein Text',0,1,1)
INSERT INTO REIHE VALUES(1,'Reihe 1',3,TRUE,0,0,1,1)
INSERT INTO REIHE VALUES(2,'Reihe 2',3,TRUE,0,0,1,1)
INSERT INTO PLATZ VALUES(1,1,0,0,1,1,1,1)
INSERT INTO PLATZ VALUES(2,1,1,0,1,1,1,2)
INSERT INTO PLATZ VALUES(3,1,2,0,1,1,1,2)
INSERT INTO PLATZ VALUES(4,1,3,0,1,2,1,2)
INSERT INTO PLATZ VALUES(5,1,1,0,1,2,1,2)
INSERT INTO PLATZ VALUES(6,1,2,0,1,2,1,2)
DELETE FROM KATEGORIE WHERE ID=1
INSERT INTO KATEGORIE VALUES(1,'Gehoben',100,150,200,0)
DELETE FROM KATEGORIE WHERE ID=2
INSERT INTO KATEGORIE VALUES(2,'Standard',50,100,150,0)
DELETE FROM KUENSTLER WHERE ID=1
INSERT INTO KUENSTLER VALUES(1,'Hofer','Dominik','1983-11-15','Dr.','Biographietext',0,0)
DELETE FROM VERANSTALTUNG WHERE ID=1
INSERT INTO VERANSTALTUNG VALUES(1,'Veranstaltung Hofer','Komoedie',1,'Deutsch','scheisse','Reine Zeitverschwendung','Auch ziemlich umsonst.','Kritiktext','Deutsch',1,2010,'ab 16J','Abbildung','Kat1')
DELETE FROM ARTIKEL WHERE ID=1
INSERT INTO ARTIKEL VALUES(1,20.5,'Beschreibungstext','Abbildung',1,'Kurztext',0,1)
DELETE FROM ENGAGEMENT WHERE ID=1
INSERT INTO ENGAGEMENT VALUES(1,100,'Geige',0,1,1)
DELETE FROM BESTELLPOSITION WHERE ID=1
INSERT INTO BESTELLPOSITION VALUES(1,1,0,1,1)
DELETE FROM AUFFUEHRUNG WHERE ID=1
INSERT INTO AUFFUEHRUNG VALUES(1,'2010-10-12',FALSE,1,'Ein Text',0,1,1)
DELETE FROM REIHE WHERE ID=1
INSERT INTO REIHE VALUES(1,'Reihe 1',3,TRUE,0,0,1,1)
DELETE FROM REIHE WHERE ID=2
INSERT INTO REIHE VALUES(2,'Reihe 2',3,TRUE,0,0,1,1)
DELETE FROM PLATZ WHERE ID=1
INSERT INTO PLATZ VALUES(1,1,0,0,1,1,1,1)
DELETE FROM PLATZ WHERE ID=2
INSERT INTO PLATZ VALUES(2,1,1,0,1,1,1,2)
DELETE FROM PLATZ WHERE ID=3
INSERT INTO PLATZ VALUES(3,1,2,0,1,1,1,2)
DELETE FROM PLATZ WHERE ID=4
INSERT INTO PLATZ VALUES(4,1,3,0,1,2,1,2)
DELETE FROM PLATZ WHERE ID=5
INSERT INTO PLATZ VALUES(5,1,1,0,1,2,1,2)
DELETE FROM PLATZ WHERE ID=6
INSERT INTO PLATZ VALUES(6,1,2,0,1,2,1,2)
COMMIT
SET AUTOCOMMIT TRUE
SET AUTOCOMMIT FALSE
DELETE FROM PLATZ WHERE ID=1
DELETE FROM PLATZ WHERE ID=2
DELETE FROM PLATZ WHERE ID=3
DELETE FROM PLATZ WHERE ID=4
DELETE FROM PLATZ WHERE ID=5
DELETE FROM PLATZ WHERE ID=6
DELETE FROM REIHE WHERE ID=1
DELETE FROM REIHE WHERE ID=2
DELETE FROM AUFFUEHRUNG WHERE ID=1
DELETE FROM BESTELLPOSITION WHERE ID=1
DELETE FROM ENGAGEMENT WHERE ID=1
DELETE FROM ARTIKEL WHERE ID=1
DELETE FROM VERANSTALTUNG WHERE ID=1
DELETE FROM KUENSTLER WHERE ID=1
INSERT INTO KUENSTLER VALUES(1,'Holzeis','Richard','1987-12-05','BSc','Biographietext',0,0)
INSERT INTO VERANSTALTUNG VALUES(1,'Veranstaltung Holzeis','Komoedie',1,'Deutsch','nice','irgendwas','irgendwas','Kritiktext','Deutsch',1,2010,'ab 18J','Abbildung','Kat1')
INSERT INTO ARTIKEL VALUES(1,30.5,'Beschreibungstext','Abbildung',1,'Kurztext',0,1)
INSERT INTO ENGAGEMENT VALUES(1,100,'Geige',0,1,1)
INSERT INTO BESTELLPOSITION VALUES(1,1,0,1,1)
INSERT INTO AUFFUEHRUNG VALUES(1,'2010-12-05',FALSE,1,'Ein Text',0,1,1)
INSERT INTO AUFFUEHRUNG VALUES(2,'2010-12-05',TRUE,2,'Ein anderer Text',0,2,1)
INSERT INTO REIHE VALUES(1,'Testreihe 1',10,TRUE,0,0,1,1)
INSERT INTO REIHE VALUES(2,'Testreihe 2',10,TRUE,0,0,1,1)
INSERT INTO PLATZ VALUES(1,1,0,0,1,1,1,1)
INSERT INTO PLATZ VALUES(2,1,2,0,1,1,1,2)
COMMIT
SET AUTOCOMMIT TRUE
SET AUTOCOMMIT FALSE
DELETE FROM PLATZ WHERE ID=1
DELETE FROM PLATZ WHERE ID=2
DELETE FROM REIHE WHERE ID=1
DELETE FROM REIHE WHERE ID=2
DELETE FROM AUFFUEHRUNG WHERE ID=1
DELETE FROM AUFFUEHRUNG WHERE ID=2
DELETE FROM BESTELLPOSITION WHERE ID=1
DELETE FROM ENGAGEMENT WHERE ID=1
DELETE FROM ARTIKEL WHERE ID=1
DELETE FROM VERANSTALTUNG WHERE ID=1
DELETE FROM KUENSTLER WHERE ID=1
INSERT INTO KUENSTLER VALUES(1,'Holzeis','Richard','1987-12-05','BSc','Biographietext',0,0)
INSERT INTO VERANSTALTUNG VALUES(1,'Veranstaltung Holzeis','Komoedie',1,'Deutsch','nice','irgendwas','irgendwas','Kritiktext','Deutsch',1,2010,'ab 18J','Abbildung','Kat1')
INSERT INTO ARTIKEL VALUES(1,30.5,'Beschreibungstext','Abbildung',1,'Kurztext',0,1)
INSERT INTO ENGAGEMENT VALUES(1,100,'Geige',0,1,1)
INSERT INTO BESTELLPOSITION VALUES(1,1,0,1,1)
INSERT INTO AUFFUEHRUNG VALUES(1,'2010-12-05',FALSE,1,'Ein Text',0,1,1)
INSERT INTO AUFFUEHRUNG VALUES(2,'2010-12-05',TRUE,2,'Ein anderer Text',0,2,1)
INSERT INTO REIHE VALUES(1,'Testreihe 1',10,TRUE,0,0,1,1)
INSERT INTO REIHE VALUES(2,'Testreihe 2',10,TRUE,0,0,1,1)
INSERT INTO PLATZ VALUES(1,1,0,0,1,1,1,1)
INSERT INTO PLATZ VALUES(2,1,2,0,1,1,1,2)
COMMIT
SET AUTOCOMMIT TRUE
DISCONNECT
/*C42*/SET SCHEMA PUBLIC
CONNECT USER SA
DISCONNECT
/*C43*/SET SCHEMA PUBLIC
CONNECT USER SA
SET AUTOCOMMIT FALSE
DELETE FROM PLATZ WHERE ID=1
DELETE FROM PLATZ WHERE ID=2
DELETE FROM REIHE WHERE ID=1
DELETE FROM REIHE WHERE ID=2
DELETE FROM AUFFUEHRUNG WHERE ID=1
DELETE FROM AUFFUEHRUNG WHERE ID=2
DELETE FROM BESTELLPOSITION WHERE ID=1
DELETE FROM ENGAGEMENT WHERE ID=1
DELETE FROM ARTIKEL WHERE ID=1
DELETE FROM VERANSTALTUNG WHERE ID=1
DELETE FROM KUENSTLER WHERE ID=1
DELETE FROM KATEGORIE WHERE ID=1
DELETE FROM KATEGORIE WHERE ID=2
INSERT INTO KATEGORIE VALUES(1,'Gehoben',100,150,200,0)
INSERT INTO KATEGORIE VALUES(2,'Standard',50,100,150,0)
INSERT INTO KUENSTLER VALUES(1,'Hofer','Dominik','1983-11-15','Dr.','Biographietext',0,0)
INSERT INTO VERANSTALTUNG VALUES(1,'Veranstaltung Hofer','Komoedie',1,'Deutsch','scheisse','Reine Zeitverschwendung','Auch ziemlich umsonst.','Kritiktext','Deutsch',1,2010,'ab 16J','Abbildung','Kat1')
INSERT INTO ARTIKEL VALUES(1,20.5,'Beschreibungstext','Abbildung',1,'Kurztext',0,1)
INSERT INTO ENGAGEMENT VALUES(1,100,'Geige',0,1,1)
INSERT INTO BESTELLPOSITION VALUES(1,1,0,1,1)
INSERT INTO AUFFUEHRUNG VALUES(1,'2010-10-12',FALSE,1,'Ein Text',0,1,1)
INSERT INTO REIHE VALUES(1,'Reihe 1',3,TRUE,0,0,1,1)
INSERT INTO REIHE VALUES(2,'Reihe 2',3,TRUE,0,0,1,1)
INSERT INTO PLATZ VALUES(1,1,0,0,1,1,1,1)
INSERT INTO PLATZ VALUES(2,1,1,0,1,1,1,2)
INSERT INTO PLATZ VALUES(3,1,2,0,1,1,1,2)
INSERT INTO PLATZ VALUES(4,1,3,0,1,2,1,2)
INSERT INTO PLATZ VALUES(5,1,1,0,1,2,1,2)
INSERT INTO PLATZ VALUES(6,1,2,0,1,2,1,2)
DELETE FROM KATEGORIE WHERE ID=1
INSERT INTO KATEGORIE VALUES(1,'Gehoben',100,150,200,0)
DELETE FROM KATEGORIE WHERE ID=2
INSERT INTO KATEGORIE VALUES(2,'Standard',50,100,150,0)
DELETE FROM KUENSTLER WHERE ID=1
INSERT INTO KUENSTLER VALUES(1,'Hofer','Dominik','1983-11-15','Dr.','Biographietext',0,0)
DELETE FROM VERANSTALTUNG WHERE ID=1
INSERT INTO VERANSTALTUNG VALUES(1,'Veranstaltung Hofer','Komoedie',1,'Deutsch','scheisse','Reine Zeitverschwendung','Auch ziemlich umsonst.','Kritiktext','Deutsch',1,2010,'ab 16J','Abbildung','Kat1')
DELETE FROM ARTIKEL WHERE ID=1
INSERT INTO ARTIKEL VALUES(1,20.5,'Beschreibungstext','Abbildung',1,'Kurztext',0,1)
DELETE FROM ENGAGEMENT WHERE ID=1
INSERT INTO ENGAGEMENT VALUES(1,100,'Geige',0,1,1)
DELETE FROM BESTELLPOSITION WHERE ID=1
INSERT INTO BESTELLPOSITION VALUES(1,1,0,1,1)
DELETE FROM AUFFUEHRUNG WHERE ID=1
INSERT INTO AUFFUEHRUNG VALUES(1,'2010-10-12',FALSE,1,'Ein Text',0,1,1)
DELETE FROM REIHE WHERE ID=1
INSERT INTO REIHE VALUES(1,'Reihe 1',3,TRUE,0,0,1,1)
DELETE FROM REIHE WHERE ID=2
INSERT INTO REIHE VALUES(2,'Reihe 2',3,TRUE,0,0,1,1)
DELETE FROM PLATZ WHERE ID=1
INSERT INTO PLATZ VALUES(1,1,0,0,1,1,1,1)
DELETE FROM PLATZ WHERE ID=2
INSERT INTO PLATZ VALUES(2,1,1,0,1,1,1,2)
DELETE FROM PLATZ WHERE ID=3
INSERT INTO PLATZ VALUES(3,1,2,0,1,1,1,2)
DELETE FROM PLATZ WHERE ID=4
INSERT INTO PLATZ VALUES(4,1,3,0,1,2,1,2)
DELETE FROM PLATZ WHERE ID=5
INSERT INTO PLATZ VALUES(5,1,1,0,1,2,1,2)
DELETE FROM PLATZ WHERE ID=6
INSERT INTO PLATZ VALUES(6,1,2,0,1,2,1,2)
COMMIT
SET AUTOCOMMIT TRUE
SET AUTOCOMMIT FALSE
DELETE FROM PLATZ WHERE ID=1
DELETE FROM PLATZ WHERE ID=2
DELETE FROM PLATZ WHERE ID=3
DELETE FROM PLATZ WHERE ID=4
DELETE FROM PLATZ WHERE ID=5
DELETE FROM PLATZ WHERE ID=6
DELETE FROM REIHE WHERE ID=1
DELETE FROM REIHE WHERE ID=2
DELETE FROM AUFFUEHRUNG WHERE ID=1
DELETE FROM BESTELLPOSITION WHERE ID=1
DELETE FROM ENGAGEMENT WHERE ID=1
DELETE FROM ARTIKEL WHERE ID=1
DELETE FROM VERANSTALTUNG WHERE ID=1
DELETE FROM KUENSTLER WHERE ID=1
DELETE FROM KATEGORIE WHERE ID=1
DELETE FROM KATEGORIE WHERE ID=2
INSERT INTO KATEGORIE VALUES(1,'Gehoben',100,150,200,0)
INSERT INTO KATEGORIE VALUES(2,'Standard',50,100,150,0)
INSERT INTO KUENSTLER VALUES(1,'Hofer','Dominik','1983-11-15','Dr.','Biographietext',0,0)
INSERT INTO VERANSTALTUNG VALUES(1,'Veranstaltung Hofer','Komoedie',1,'Deutsch','scheisse','Reine Zeitverschwendung','Auch ziemlich umsonst.','Kritiktext','Deutsch',1,2010,'ab 16J','Abbildung','Kat1')
INSERT INTO ARTIKEL VALUES(1,20.5,'Beschreibungstext','Abbildung',1,'Kurztext',0,1)
INSERT INTO ENGAGEMENT VALUES(1,100,'Geige',0,1,1)
INSERT INTO BESTELLPOSITION VALUES(1,1,0,1,1)
INSERT INTO AUFFUEHRUNG VALUES(1,'2010-10-12',FALSE,1,'Ein Text',0,1,1)
INSERT INTO REIHE VALUES(1,'Reihe 1',3,TRUE,0,0,1,1)
INSERT INTO REIHE VALUES(2,'Reihe 2',3,TRUE,0,0,1,1)
INSERT INTO PLATZ VALUES(1,1,0,0,1,1,1,1)
INSERT INTO PLATZ VALUES(2,1,1,0,1,1,1,2)
INSERT INTO PLATZ VALUES(3,1,2,0,1,1,1,2)
INSERT INTO PLATZ VALUES(4,1,3,0,1,2,1,2)
INSERT INTO PLATZ VALUES(5,1,1,0,1,2,1,2)
INSERT INTO PLATZ VALUES(6,1,2,0,1,2,1,2)
DELETE FROM KATEGORIE WHERE ID=1
INSERT INTO KATEGORIE VALUES(1,'Gehoben',100,150,200,0)
DELETE FROM KATEGORIE WHERE ID=2
INSERT INTO KATEGORIE VALUES(2,'Standard',50,100,150,0)
DELETE FROM KUENSTLER WHERE ID=1
INSERT INTO KUENSTLER VALUES(1,'Hofer','Dominik','1983-11-15','Dr.','Biographietext',0,0)
DELETE FROM VERANSTALTUNG WHERE ID=1
INSERT INTO VERANSTALTUNG VALUES(1,'Veranstaltung Hofer','Komoedie',1,'Deutsch','scheisse','Reine Zeitverschwendung','Auch ziemlich umsonst.','Kritiktext','Deutsch',1,2010,'ab 16J','Abbildung','Kat1')
DELETE FROM ARTIKEL WHERE ID=1
INSERT INTO ARTIKEL VALUES(1,20.5,'Beschreibungstext','Abbildung',1,'Kurztext',0,1)
DELETE FROM ENGAGEMENT WHERE ID=1
INSERT INTO ENGAGEMENT VALUES(1,100,'Geige',0,1,1)
DELETE FROM BESTELLPOSITION WHERE ID=1
INSERT INTO BESTELLPOSITION VALUES(1,1,0,1,1)
DELETE FROM AUFFUEHRUNG WHERE ID=1
INSERT INTO AUFFUEHRUNG VALUES(1,'2010-10-12',FALSE,1,'Ein Text',0,1,1)
DELETE FROM REIHE WHERE ID=1
INSERT INTO REIHE VALUES(1,'Reihe 1',3,TRUE,0,0,1,1)
DELETE FROM REIHE WHERE ID=2
INSERT INTO REIHE VALUES(2,'Reihe 2',3,TRUE,0,0,1,1)
DELETE FROM PLATZ WHERE ID=1
INSERT INTO PLATZ VALUES(1,1,0,0,1,1,1,1)
DELETE FROM PLATZ WHERE ID=2
INSERT INTO PLATZ VALUES(2,1,1,0,1,1,1,2)
DELETE FROM PLATZ WHERE ID=3
INSERT INTO PLATZ VALUES(3,1,2,0,1,1,1,2)
DELETE FROM PLATZ WHERE ID=4
INSERT INTO PLATZ VALUES(4,1,3,0,1,2,1,2)
DELETE FROM PLATZ WHERE ID=5
INSERT INTO PLATZ VALUES(5,1,1,0,1,2,1,2)
DELETE FROM PLATZ WHERE ID=6
INSERT INTO PLATZ VALUES(6,1,2,0,1,2,1,2)
COMMIT
SET AUTOCOMMIT TRUE
SET AUTOCOMMIT FALSE
DELETE FROM PLATZ WHERE ID=1
DELETE FROM PLATZ WHERE ID=2
DELETE FROM PLATZ WHERE ID=3
DELETE FROM PLATZ WHERE ID=4
DELETE FROM PLATZ WHERE ID=5
DELETE FROM PLATZ WHERE ID=6
DELETE FROM REIHE WHERE ID=1
DELETE FROM REIHE WHERE ID=2
DELETE FROM AUFFUEHRUNG WHERE ID=1
DELETE FROM BESTELLPOSITION WHERE ID=1
DELETE FROM ENGAGEMENT WHERE ID=1
DELETE FROM ARTIKEL WHERE ID=1
DELETE FROM VERANSTALTUNG WHERE ID=1
DELETE FROM KUENSTLER WHERE ID=1
DELETE FROM KATEGORIE WHERE ID=1
DELETE FROM KATEGORIE WHERE ID=2
INSERT INTO KATEGORIE VALUES(1,'Gehoben',100,150,200,0)
INSERT INTO KATEGORIE VALUES(2,'Standard',50,100,150,0)
INSERT INTO KUENSTLER VALUES(1,'Hofer','Dominik','1983-11-15','Dr.','Biographietext',0,0)
INSERT INTO VERANSTALTUNG VALUES(1,'Veranstaltung Hofer','Komoedie',1,'Deutsch','scheisse','Reine Zeitverschwendung','Auch ziemlich umsonst.','Kritiktext','Deutsch',1,2010,'ab 16J','Abbildung','Kat1')
INSERT INTO ARTIKEL VALUES(1,20.5,'Beschreibungstext','Abbildung',1,'Kurztext',0,1)
INSERT INTO ENGAGEMENT VALUES(1,100,'Geige',0,1,1)
INSERT INTO BESTELLPOSITION VALUES(1,1,0,1,1)
INSERT INTO AUFFUEHRUNG VALUES(1,'2010-10-12',FALSE,1,'Ein Text',0,1,1)
INSERT INTO REIHE VALUES(1,'Reihe 1',3,TRUE,0,0,1,1)
INSERT INTO REIHE VALUES(2,'Reihe 2',3,TRUE,0,0,1,1)
INSERT INTO PLATZ VALUES(1,1,0,0,1,1,1,1)
INSERT INTO PLATZ VALUES(2,1,1,0,1,1,1,2)
INSERT INTO PLATZ VALUES(3,1,2,0,1,1,1,2)
INSERT INTO PLATZ VALUES(4,1,3,0,1,2,1,2)
INSERT INTO PLATZ VALUES(5,1,1,0,1,2,1,2)
INSERT INTO PLATZ VALUES(6,1,2,0,1,2,1,2)
DELETE FROM KATEGORIE WHERE ID=1
INSERT INTO KATEGORIE VALUES(1,'Gehoben',100,150,200,0)
DELETE FROM KATEGORIE WHERE ID=2
INSERT INTO KATEGORIE VALUES(2,'Standard',50,100,150,0)
DELETE FROM KUENSTLER WHERE ID=1
INSERT INTO KUENSTLER VALUES(1,'Hofer','Dominik','1983-11-15','Dr.','Biographietext',0,0)
DELETE FROM VERANSTALTUNG WHERE ID=1
INSERT INTO VERANSTALTUNG VALUES(1,'Veranstaltung Hofer','Komoedie',1,'Deutsch','scheisse','Reine Zeitverschwendung','Auch ziemlich umsonst.','Kritiktext','Deutsch',1,2010,'ab 16J','Abbildung','Kat1')
DELETE FROM ARTIKEL WHERE ID=1
INSERT INTO ARTIKEL VALUES(1,20.5,'Beschreibungstext','Abbildung',1,'Kurztext',0,1)
DELETE FROM ENGAGEMENT WHERE ID=1
INSERT INTO ENGAGEMENT VALUES(1,100,'Geige',0,1,1)
DELETE FROM BESTELLPOSITION WHERE ID=1
INSERT INTO BESTELLPOSITION VALUES(1,1,0,1,1)
DELETE FROM AUFFUEHRUNG WHERE ID=1
INSERT INTO AUFFUEHRUNG VALUES(1,'2010-10-12',FALSE,1,'Ein Text',0,1,1)
DELETE FROM REIHE WHERE ID=1
INSERT INTO REIHE VALUES(1,'Reihe 1',3,TRUE,0,0,1,1)
DELETE FROM REIHE WHERE ID=2
INSERT INTO REIHE VALUES(2,'Reihe 2',3,TRUE,0,0,1,1)
DELETE FROM PLATZ WHERE ID=1
INSERT INTO PLATZ VALUES(1,1,0,0,1,1,1,1)
DELETE FROM PLATZ WHERE ID=2
INSERT INTO PLATZ VALUES(2,1,1,0,1,1,1,2)
DELETE FROM PLATZ WHERE ID=3
INSERT INTO PLATZ VALUES(3,1,2,0,1,1,1,2)
DELETE FROM PLATZ WHERE ID=4
INSERT INTO PLATZ VALUES(4,1,3,0,1,2,1,2)
DELETE FROM PLATZ WHERE ID=5
INSERT INTO PLATZ VALUES(5,1,1,0,1,2,1,2)
DELETE FROM PLATZ WHERE ID=6
INSERT INTO PLATZ VALUES(6,1,2,0,1,2,1,2)
COMMIT
SET AUTOCOMMIT TRUE
SET AUTOCOMMIT FALSE
DELETE FROM PLATZ WHERE ID=1
DELETE FROM PLATZ WHERE ID=2
DELETE FROM PLATZ WHERE ID=3
DELETE FROM PLATZ WHERE ID=4
DELETE FROM PLATZ WHERE ID=5
DELETE FROM PLATZ WHERE ID=6
DELETE FROM REIHE WHERE ID=1
DELETE FROM REIHE WHERE ID=2
DELETE FROM AUFFUEHRUNG WHERE ID=1
DELETE FROM BESTELLPOSITION WHERE ID=1
DELETE FROM ENGAGEMENT WHERE ID=1
DELETE FROM ARTIKEL WHERE ID=1
DELETE FROM VERANSTALTUNG WHERE ID=1
DELETE FROM KUENSTLER WHERE ID=1
DELETE FROM KATEGORIE WHERE ID=1
DELETE FROM KATEGORIE WHERE ID=2
INSERT INTO KATEGORIE VALUES(1,'Gehoben',100,150,200,0)
INSERT INTO KATEGORIE VALUES(2,'Standard',50,100,150,0)
INSERT INTO KUENSTLER VALUES(1,'Hofer','Dominik','1983-11-15','Dr.','Biographietext',0,0)
INSERT INTO VERANSTALTUNG VALUES(1,'Veranstaltung Hofer','Komoedie',1,'Deutsch','scheisse','Reine Zeitverschwendung','Auch ziemlich umsonst.','Kritiktext','Deutsch',1,2010,'ab 16J','Abbildung','Kat1')
INSERT INTO ARTIKEL VALUES(1,20.5,'Beschreibungstext','Abbildung',1,'Kurztext',0,1)
INSERT INTO ENGAGEMENT VALUES(1,100,'Geige',0,1,1)
INSERT INTO BESTELLPOSITION VALUES(1,1,0,1,1)
INSERT INTO AUFFUEHRUNG VALUES(1,'2010-10-12',FALSE,1,'Ein Text',0,1,1)
INSERT INTO REIHE VALUES(1,'Reihe 1',3,TRUE,0,0,1,1)
INSERT INTO REIHE VALUES(2,'Reihe 2',3,TRUE,0,0,1,1)
INSERT INTO PLATZ VALUES(1,1,0,0,1,1,1,1)
INSERT INTO PLATZ VALUES(2,1,1,0,1,1,1,2)
INSERT INTO PLATZ VALUES(3,1,2,0,1,1,1,2)
INSERT INTO PLATZ VALUES(4,1,3,0,1,2,1,2)
INSERT INTO PLATZ VALUES(5,1,1,0,1,2,1,2)
INSERT INTO PLATZ VALUES(6,1,2,0,1,2,1,2)
DELETE FROM KATEGORIE WHERE ID=1
INSERT INTO KATEGORIE VALUES(1,'Gehoben',100,150,200,0)
DELETE FROM KATEGORIE WHERE ID=2
INSERT INTO KATEGORIE VALUES(2,'Standard',50,100,150,0)
DELETE FROM KUENSTLER WHERE ID=1
INSERT INTO KUENSTLER VALUES(1,'Hofer','Dominik','1983-11-15','Dr.','Biographietext',0,0)
DELETE FROM VERANSTALTUNG WHERE ID=1
INSERT INTO VERANSTALTUNG VALUES(1,'Veranstaltung Hofer','Komoedie',1,'Deutsch','scheisse','Reine Zeitverschwendung','Auch ziemlich umsonst.','Kritiktext','Deutsch',1,2010,'ab 16J','Abbildung','Kat1')
DELETE FROM ARTIKEL WHERE ID=1
INSERT INTO ARTIKEL VALUES(1,20.5,'Beschreibungstext','Abbildung',1,'Kurztext',0,1)
DELETE FROM ENGAGEMENT WHERE ID=1
INSERT INTO ENGAGEMENT VALUES(1,100,'Geige',0,1,1)
DELETE FROM BESTELLPOSITION WHERE ID=1
INSERT INTO BESTELLPOSITION VALUES(1,1,0,1,1)
DELETE FROM AUFFUEHRUNG WHERE ID=1
INSERT INTO AUFFUEHRUNG VALUES(1,'2010-10-12',FALSE,1,'Ein Text',0,1,1)
DELETE FROM REIHE WHERE ID=1
INSERT INTO REIHE VALUES(1,'Reihe 1',3,TRUE,0,0,1,1)
DELETE FROM REIHE WHERE ID=2
INSERT INTO REIHE VALUES(2,'Reihe 2',3,TRUE,0,0,1,1)
DELETE FROM PLATZ WHERE ID=1
INSERT INTO PLATZ VALUES(1,1,0,0,1,1,1,1)
DELETE FROM PLATZ WHERE ID=2
INSERT INTO PLATZ VALUES(2,1,1,0,1,1,1,2)
DELETE FROM PLATZ WHERE ID=3
INSERT INTO PLATZ VALUES(3,1,2,0,1,1,1,2)
DELETE FROM PLATZ WHERE ID=4
INSERT INTO PLATZ VALUES(4,1,3,0,1,2,1,2)
DELETE FROM PLATZ WHERE ID=5
INSERT INTO PLATZ VALUES(5,1,1,0,1,2,1,2)
DELETE FROM PLATZ WHERE ID=6
INSERT INTO PLATZ VALUES(6,1,2,0,1,2,1,2)
COMMIT
SET AUTOCOMMIT TRUE
SET AUTOCOMMIT FALSE
DELETE FROM PLATZ WHERE ID=1
DELETE FROM PLATZ WHERE ID=2
DELETE FROM PLATZ WHERE ID=3
DELETE FROM PLATZ WHERE ID=4
DELETE FROM PLATZ WHERE ID=5
DELETE FROM PLATZ WHERE ID=6
DELETE FROM REIHE WHERE ID=1
DELETE FROM REIHE WHERE ID=2
DELETE FROM AUFFUEHRUNG WHERE ID=1
DELETE FROM BESTELLPOSITION WHERE ID=1
DELETE FROM ENGAGEMENT WHERE ID=1
DELETE FROM ARTIKEL WHERE ID=1
DELETE FROM VERANSTALTUNG WHERE ID=1
DELETE FROM KUENSTLER WHERE ID=1
DELETE FROM KATEGORIE WHERE ID=1
DELETE FROM KATEGORIE WHERE ID=2
INSERT INTO KATEGORIE VALUES(1,'Gehoben',100,150,200,0)
INSERT INTO KATEGORIE VALUES(2,'Standard',50,100,150,0)
INSERT INTO KUENSTLER VALUES(1,'Hofer','Dominik','1983-11-15','Dr.','Biographietext',0,0)
INSERT INTO VERANSTALTUNG VALUES(1,'Veranstaltung Hofer','Komoedie',1,'Deutsch','scheisse','Reine Zeitverschwendung','Auch ziemlich umsonst.','Kritiktext','Deutsch',1,2010,'ab 16J','Abbildung','Kat1')
INSERT INTO ARTIKEL VALUES(1,20.5,'Beschreibungstext','Abbildung',1,'Kurztext',0,1)
INSERT INTO ENGAGEMENT VALUES(1,100,'Geige',0,1,1)
INSERT INTO BESTELLPOSITION VALUES(1,1,0,1,1)
INSERT INTO AUFFUEHRUNG VALUES(1,'2010-10-12',FALSE,1,'Ein Text',0,1,1)
INSERT INTO REIHE VALUES(1,'Reihe 1',3,TRUE,0,0,1,1)
INSERT INTO REIHE VALUES(2,'Reihe 2',3,TRUE,0,0,1,1)
INSERT INTO PLATZ VALUES(1,1,0,0,1,1,1,1)
INSERT INTO PLATZ VALUES(2,1,1,0,1,1,1,2)
INSERT INTO PLATZ VALUES(3,1,2,0,1,1,1,2)
INSERT INTO PLATZ VALUES(4,1,3,0,1,2,1,2)
INSERT INTO PLATZ VALUES(5,1,1,0,1,2,1,2)
INSERT INTO PLATZ VALUES(6,1,2,0,1,2,1,2)
DELETE FROM KATEGORIE WHERE ID=1
INSERT INTO KATEGORIE VALUES(1,'Gehoben',100,150,200,0)
DELETE FROM KATEGORIE WHERE ID=2
INSERT INTO KATEGORIE VALUES(2,'Standard',50,100,150,0)
DELETE FROM KUENSTLER WHERE ID=1
INSERT INTO KUENSTLER VALUES(1,'Hofer','Dominik','1983-11-15','Dr.','Biographietext',0,0)
DELETE FROM VERANSTALTUNG WHERE ID=1
INSERT INTO VERANSTALTUNG VALUES(1,'Veranstaltung Hofer','Komoedie',1,'Deutsch','scheisse','Reine Zeitverschwendung','Auch ziemlich umsonst.','Kritiktext','Deutsch',1,2010,'ab 16J','Abbildung','Kat1')
DELETE FROM ARTIKEL WHERE ID=1
INSERT INTO ARTIKEL VALUES(1,20.5,'Beschreibungstext','Abbildung',1,'Kurztext',0,1)
DELETE FROM ENGAGEMENT WHERE ID=1
INSERT INTO ENGAGEMENT VALUES(1,100,'Geige',0,1,1)
DELETE FROM BESTELLPOSITION WHERE ID=1
INSERT INTO BESTELLPOSITION VALUES(1,1,0,1,1)
DELETE FROM AUFFUEHRUNG WHERE ID=1
INSERT INTO AUFFUEHRUNG VALUES(1,'2010-10-12',FALSE,1,'Ein Text',0,1,1)
DELETE FROM REIHE WHERE ID=1
INSERT INTO REIHE VALUES(1,'Reihe 1',3,TRUE,0,0,1,1)
DELETE FROM REIHE WHERE ID=2
INSERT INTO REIHE VALUES(2,'Reihe 2',3,TRUE,0,0,1,1)
DELETE FROM PLATZ WHERE ID=1
INSERT INTO PLATZ VALUES(1,1,0,0,1,1,1,1)
DELETE FROM PLATZ WHERE ID=2
INSERT INTO PLATZ VALUES(2,1,1,0,1,1,1,2)
DELETE FROM PLATZ WHERE ID=3
INSERT INTO PLATZ VALUES(3,1,2,0,1,1,1,2)
DELETE FROM PLATZ WHERE ID=4
INSERT INTO PLATZ VALUES(4,1,3,0,1,2,1,2)
DELETE FROM PLATZ WHERE ID=5
INSERT INTO PLATZ VALUES(5,1,1,0,1,2,1,2)
DELETE FROM PLATZ WHERE ID=6
INSERT INTO PLATZ VALUES(6,1,2,0,1,2,1,2)
COMMIT
SET AUTOCOMMIT TRUE
SET AUTOCOMMIT FALSE
DELETE FROM PLATZ WHERE ID=1
DELETE FROM PLATZ WHERE ID=2
DELETE FROM PLATZ WHERE ID=3
DELETE FROM PLATZ WHERE ID=4
DELETE FROM PLATZ WHERE ID=5
DELETE FROM PLATZ WHERE ID=6
DELETE FROM REIHE WHERE ID=1
DELETE FROM REIHE WHERE ID=2
DELETE FROM AUFFUEHRUNG WHERE ID=1
DELETE FROM BESTELLPOSITION WHERE ID=1
DELETE FROM ENGAGEMENT WHERE ID=1
DELETE FROM ARTIKEL WHERE ID=1
DELETE FROM VERANSTALTUNG WHERE ID=1
DELETE FROM KUENSTLER WHERE ID=1
INSERT INTO KUENSTLER VALUES(1,'Holzeis','Richard','1987-12-05','BSc','Biographietext',0,0)
INSERT INTO VERANSTALTUNG VALUES(1,'Veranstaltung Holzeis','Komoedie',1,'Deutsch','nice','irgendwas','irgendwas','Kritiktext','Deutsch',1,2010,'ab 18J','Abbildung','Kat1')
INSERT INTO ARTIKEL VALUES(1,30.5,'Beschreibungstext','Abbildung',1,'Kurztext',0,1)
INSERT INTO ENGAGEMENT VALUES(1,100,'Geige',0,1,1)
INSERT INTO BESTELLPOSITION VALUES(1,1,0,1,1)
INSERT INTO AUFFUEHRUNG VALUES(1,'2010-12-05',FALSE,1,'Ein Text',0,1,1)
INSERT INTO AUFFUEHRUNG VALUES(2,'2010-12-05',TRUE,2,'Ein anderer Text',0,2,1)
INSERT INTO REIHE VALUES(1,'Testreihe 1',10,TRUE,0,0,1,1)
INSERT INTO REIHE VALUES(2,'Testreihe 2',10,TRUE,0,0,1,1)
INSERT INTO PLATZ VALUES(1,1,0,0,1,1,1,1)
INSERT INTO PLATZ VALUES(2,1,2,0,1,1,1,2)
COMMIT
SET AUTOCOMMIT TRUE
SET AUTOCOMMIT FALSE
DELETE FROM PLATZ WHERE ID=1
DELETE FROM PLATZ WHERE ID=2
DELETE FROM REIHE WHERE ID=1
DELETE FROM REIHE WHERE ID=2
DELETE FROM AUFFUEHRUNG WHERE ID=1
DELETE FROM AUFFUEHRUNG WHERE ID=2
DELETE FROM BESTELLPOSITION WHERE ID=1
DELETE FROM ENGAGEMENT WHERE ID=1
DELETE FROM ARTIKEL WHERE ID=1
DELETE FROM VERANSTALTUNG WHERE ID=1
DELETE FROM KUENSTLER WHERE ID=1
INSERT INTO KUENSTLER VALUES(1,'Holzeis','Richard','1987-12-05','BSc','Biographietext',0,0)
INSERT INTO VERANSTALTUNG VALUES(1,'Veranstaltung Holzeis','Komoedie',1,'Deutsch','nice','irgendwas','irgendwas','Kritiktext','Deutsch',1,2010,'ab 18J','Abbildung','Kat1')
INSERT INTO ARTIKEL VALUES(1,30.5,'Beschreibungstext','Abbildung',1,'Kurztext',0,1)
INSERT INTO ENGAGEMENT VALUES(1,100,'Geige',0,1,1)
INSERT INTO BESTELLPOSITION VALUES(1,1,0,1,1)
INSERT INTO AUFFUEHRUNG VALUES(1,'2010-12-05',FALSE,1,'Ein Text',0,1,1)
INSERT INTO AUFFUEHRUNG VALUES(2,'2010-12-05',TRUE,2,'Ein anderer Text',0,2,1)
INSERT INTO REIHE VALUES(1,'Testreihe 1',10,TRUE,0,0,1,1)
INSERT INTO REIHE VALUES(2,'Testreihe 2',10,TRUE,0,0,1,1)
INSERT INTO PLATZ VALUES(1,1,0,0,1,1,1,1)
INSERT INTO PLATZ VALUES(2,1,2,0,1,1,1,2)
COMMIT
SET AUTOCOMMIT TRUE
DISCONNECT
